/Users/k.makita/Library/Python/3.9/lib/python/site-packages/urllib3/__init__.py:35: NotOpenSSLWarning: urllib3 v2 only supports OpenSSL 1.1.1+, currently the 'ssl' module is compiled with 'LibreSSL 2.8.3'. See: https://github.com/urllib3/urllib3/issues/3020
  warnings.warn(
2026-05-18 17:35:23,536 [INFO] model: Model loaded: /Users/k.makita/競馬最強予想ファイルの改善版/python/models/lgbm_model.pkl
2026-05-18 17:35:23,546 [INFO] data_processor: race_results loaded: 1459 rows
/Users/k.makita/Library/Python/3.9/lib/python/site-packages/numpy/lib/_nanfunctions_impl.py:1231: RuntimeWarning: Mean of empty slice
  return np.nanmean(a, axis, out=out, keepdims=keepdims)
/Users/k.makita/Library/Python/3.9/lib/python/site-packages/numpy/lib/_nanfunctions_impl.py:1231: RuntimeWarning: Mean of empty slice
  return np.nanmean(a, axis, out=out, keepdims=keepdims)
2026-05-18 17:35:23,551 [INFO] data_processor: clean_race_results done: 1459 rows
2026-05-18 17:35:23,552 [INFO] data_processor: pedigree loaded: 0 rows
2026-05-18 17:35:23,554 [INFO] data_processor: master_df built: 1459 rows, 40 cols
2026-05-18 17:35:23,557 [INFO] feature_engineer: 特徴量生成開始: 1459 rows
/Users/k.makita/Library/Python/3.9/lib/python/site-packages/numpy/lib/_nanfunctions_impl.py:1231: RuntimeWarning: Mean of empty slice
  return np.nanmean(a, axis, out=out, keepdims=keepdims)
/Users/k.makita/Library/Python/3.9/lib/python/site-packages/numpy/lib/_nanfunctions_impl.py:1231: RuntimeWarning: Mean of empty slice
  return np.nanmean(a, axis, out=out, keepdims=keepdims)
2026-05-18 17:35:24,135 [INFO] feature_engineer: 特徴量生成完了: 76 cols
2026-05-18 17:35:24,147 [INFO] __main__: シミュレーション対象: 265 rows (test_set=holdout_last_21_races, target_mode=win)
2026-05-18 17:35:24,147 [INFO] betting_evaluator: キャリブレーション学習完了: method=isotonic, N=265, 正例率=0.079
2026-05-18 17:35:24,266 [INFO] simulator: Calibration plot saved: /Users/k.makita/競馬最強予想ファイルの改善版/python/models/calibration_plot.png

==================================================
  シミュレーション結果
==================================================
  対象レース数  : 21
  ベット数      : 0
  的中数        : 0
  的中率        : 0.0%
  総投資額      : 0 円
  総払戻額      : 0 円
  回収率        : 0.0%
  純損益        : +0 円
  平均期待値    : 0.000
==================================================


==================================================
  シミュレーション結果
==================================================
  対象レース数  : 21
  ベット数      : 0
  的中数        : 0
  的中率        : 0.0%
  総投資額      : 0 円
  総払戻額      : 0 円
  回収率        : 0.0%
  純損益        : +0 円
  平均期待値    : 0.000
==================================================


==================================================
  シミュレーション結果
==================================================
  対象レース数  : 21
  ベット数      : 0
  的中数        : 0
  的中率        : 0.0%
  総投資額      : 0 円
  総払戻額      : 0 円
  回収率        : 0.0%
  純損益        : +0 円
  平均期待値    : 0.000
==================================================


==================================================
  シミュレーション結果
==================================================
  対象レース数  : 21
  ベット数      : 0
  的中数        : 0
  的中率        : 0.0%
  総投資額      : 0 円
  総払戻額      : 0 円
  回収率        : 0.0%
  純損益        : +0 円
  平均期待値    : 0.000
==================================================


==================================================
  シミュレーション結果
==================================================
  対象レース数  : 21
  ベット数      : 0
  的中数        : 0
  的中率        : 0.0%
  総投資額      : 0 円
  総払戻額      : 0 円
  回収率        : 0.0%
  純損益        : +0 円
  平均期待値    : 0.000
==================================================


==================================================
  シミュレーション結果
==================================================
  対象レース数  : 21
  ベット数      : 0
  的中数        : 0
  的中率        : 0.0%
  総投資額      : 0 円
  総払戻額      : 0 円
  回収率        : 0.0%
  純損益        : +0 円
  平均期待値    : 0.000
==================================================


==================================================
  シミュレーション結果
==================================================
  対象レース数  : 21
  ベット数      : 0
  的中数        : 0
  的中率        : 0.0%
  総投資額      : 0 円
  総払戻額      : 0 円
  回収率        : 0.0%
  純損益        : +0 円
  平均期待値    : 0.000
==================================================


==================================================
  シミュレーション結果
==================================================
  対象レース数  : 21
  ベット数      : 0
  的中数        : 0
  的中率        : 0.0%
  総投資額      : 0 円
  総払戻額      : 0 円
  回収率        : 0.0%
  純損益        : +0 円
  平均期待値    : 0.000
==================================================


==================================================
  シミュレーション結果
==================================================
  対象レース数  : 21
  ベット数      : 0
  的中数        : 0
  的中率        : 0.0%
  総投資額      : 0 円
  総払戻額      : 0 円
  回収率        : 0.0%
  純損益        : +0 円
  平均期待値    : 0.000
==================================================


==================================================
  シミュレーション結果
==================================================
  対象レース数  : 21
  ベット数      : 0
  的中数        : 0
  的中率        : 0.0%
  総投資額      : 0 円
  総払戻額      : 0 円
  回収率        : 0.0%
  純損益        : +0 円
  平均期待値    : 0.000
==================================================


==================================================
  シミュレーション結果
==================================================
  対象レース数  : 21
  ベット数      : 0
  的中数        : 0
  的中率        : 0.0%
  総投資額      : 0 円
  総払戻額      : 0 円
  回収率        : 0.0%
  純損益        : +0 円
  平均期待値    : 0.000
==================================================


==================================================
  シミュレーション結果
==================================================
  対象レース数  : 21
  ベット数      : 0
  的中数        : 0
  的中率        : 0.0%
  総投資額      : 0 円
  総払戻額      : 0 円
  回収率        : 0.0%
  純損益        : +0 円
  平均期待値    : 0.000
==================================================


==================================================
  シミュレーション結果
==================================================
  対象レース数  : 21
  ベット数      : 0
  的中数        : 0
  的中率        : 0.0%
  総投資額      : 0 円
  総払戻額      : 0 円
  回収率        : 0.0%
  純損益        : +0 円
  平均期待値    : 0.000
==================================================


==================================================
  シミュレーション結果
==================================================
  対象レース数  : 21
  ベット数      : 0
  的中数        : 0
  的中率        : 0.0%
  総投資額      : 0 円
  総払戻額      : 0 円
  回収率        : 0.0%
  純損益        : +0 円
  平均期待値    : 0.000
==================================================


==================================================
  シミュレーション結果
==================================================
  対象レース数  : 21
  ベット数      : 0
  的中数        : 0
  的中率        : 0.0%
  総投資額      : 0 円
  総払戻額      : 0 円
  回収率        : 0.0%
  純損益        : +0 円
  平均期待値    : 0.000
==================================================


==================================================
  シミュレーション結果
==================================================
  対象レース数  : 21
  ベット数      : 0
  的中数        : 0
  的中率        : 0.0%
  総投資額      : 0 円
  総払戻額      : 0 円
  回収率        : 0.0%
  純損益        : +0 円
  平均期待値    : 0.000
==================================================


==================================================
  シミュレーション結果
==================================================
  対象レース数  : 21
  ベット数      : 0
  的中数        : 0
  的中率        : 0.0%
  総投資額      : 0 円
  総払戻額      : 0 円
  回収率        : 0.0%
  純損益        : +0 円
  平均期待値    : 0.000
==================================================


==================================================
  シミュレーション結果
==================================================
  対象レース数  : 21
  ベット数      : 0
  的中数        : 0
  的中率        : 0.0%
  総投資額      : 0 円
  総払戻額      : 0 円
  回収率        : 0.0%
  純損益        : +0 円
  平均期待値    : 0.000
==================================================


==================================================
  シミュレーション結果
==================================================
  対象レース数  : 21
  ベット数      : 0
  的中数        : 0
  的中率        : 0.0%
  総投資額      : 0 円
  総払戻額      : 0 円
  回収率        : 0.0%
  純損益        : +0 円
  平均期待値    : 0.000
==================================================


==================================================
  シミュレーション結果
==================================================
  対象レース数  : 21
  ベット数      : 0
  的中数        : 0
  的中率        : 0.0%
  総投資額      : 0 円
  総払戻額      : 0 円
  回収率        : 0.0%
  純損益        : +0 円
  平均期待値    : 0.000
==================================================


==================================================
  シミュレーション結果
==================================================
  対象レース数  : 21
  ベット数      : 0
  的中数        : 0
  的中率        : 0.0%
  総投資額      : 0 円
  総払戻額      : 0 円
  回収率        : 0.0%
  純損益        : +0 円
  平均期待値    : 0.000
==================================================


==================================================
  シミュレーション結果
==================================================
  対象レース数  : 21
  ベット数      : 0
  的中数        : 0
  的中率        : 0.0%
  総投資額      : 0 円
  総払戻額      : 0 円
  回収率        : 0.0%
  純損益        : +0 円
  平均期待値    : 0.000
==================================================


==================================================
  シミュレーション結果
==================================================
  対象レース数  : 21
  ベット数      : 0
  的中数        : 0
  的中率        : 0.0%
  総投資額      : 0 円
  総払戻額      : 0 円
  回収率        : 0.0%
  純損益        : +0 円
  平均期待値    : 0.000
==================================================


==================================================
  シミュレーション結果
==================================================
  対象レース数  : 21
  ベット数      : 0
  的中数        : 0
  的中率        : 0.0%
  総投資額      : 0 円
  総払戻額      : 0 円
  回収率        : 0.0%
  純損益        : +0 円
  平均期待値    : 0.000
==================================================


==================================================
  シミュレーション結果
==================================================
  対象レース数  : 21
  ベット数      : 0
  的中数        : 0
  的中率        : 0.0%
  総投資額      : 0 円
  総払戻額      : 0 円
  回収率        : 0.0%
  純損益        : +0 円
  平均期待値    : 0.000
==================================================


==================================================
  シミュレーション結果
==================================================
  対象レース数  : 21
  ベット数      : 0
  的中数        : 0
  的中率        : 0.0%
  総投資額      : 0 円
  総払戻額      : 0 円
  回収率        : 0.0%
  純損益        : +0 円
  平均期待値    : 0.000
==================================================


==================================================
  シミュレーション結果
==================================================
  対象レース数  : 21
  ベット数      : 0
  的中数        : 0
  的中率        : 0.0%
  総投資額      : 0 円
  総払戻額      : 0 円
  回収率        : 0.0%
  純損益        : +0 円
  平均期待値    : 0.000
==================================================


==================================================
  シミュレーション結果
==================================================
  対象レース数  : 21
  ベット数      : 0
  的中数        : 0
  的中率        : 0.0%
  総投資額      : 0 円
  総払戻額      : 0 円
  回収率        : 0.0%
  純損益        : +0 円
  平均期待値    : 0.000
==================================================


==================================================
  シミュレーション結果
==================================================
  対象レース数  : 21
  ベット数      : 0
  的中数        : 0
  的中率        : 0.0%
  総投資額      : 0 円
  総払戻額      : 0 円
  回収率        : 0.0%
  純損益        : +0 円
  平均期待値    : 0.000
==================================================


==================================================
  シミュレーション結果
==================================================
  対象レース数  : 21
  ベット数      : 0
  的中数        : 0
  的中率        : 0.0%
  総投資額      : 0 円
  総払戻額      : 0 円
  回収率        : 0.0%
  純損益        : +0 円
  平均期待値    : 0.000
==================================================


==================================================
  シミュレーション結果
==================================================
  対象レース数  : 21
  ベット数      : 0
  的中数        : 0
  的中率        : 0.0%
  総投資額      : 0 円
  総払戻額      : 0 円
  回収率        : 0.0%
  純損益        : +0 円
  平均期待値    : 0.000
==================================================


==================================================
  シミュレーション結果
==================================================
  対象レース数  : 21
  ベット数      : 0
  的中数        : 0
  的中率        : 0.0%
  総投資額      : 0 円
  総払戻額      : 0 円
  回収率        : 0.0%
  純損益        : +0 円
  平均期待値    : 0.000
==================================================


==================================================
  シミュレーション結果
==================================================
  対象レース数  : 21
  ベット数      : 0
  的中数        : 0
  的中率        : 0.0%
  総投資額      : 0 円
  総払戻額      : 0 円
  回収率        : 0.0%
  純損益        : +0 円
  平均期待値    : 0.000
==================================================


==================================================
  シミュレーション結果
==================================================
  対象レース数  : 21
  ベット数      : 0
  的中数        : 0
  的中率        : 0.0%
  総投資額      : 0 円
  総払戻額      : 0 円
  回収率        : 0.0%
  純損益        : +0 円
  平均期待値    : 0.000
==================================================


==================================================
  シミュレーション結果
==================================================
  対象レース数  : 21
  ベット数      : 0
  的中数        : 0
  的中率        : 0.0%
  総投資額      : 0 円
  総払戻額      : 0 円
  回収率        : 0.0%
  純損益        : +0 円
  平均期待値    : 0.000
==================================================


==================================================
  シミュレーション結果
==================================================
  対象レース数  : 21
  ベット数      : 0
  的中数        : 0
  的中率        : 0.0%
  総投資額      : 0 円
  総払戻額      : 0 円
  回収率        : 0.0%
  純損益        : +0 円
  平均期待値    : 0.000
==================================================


==================================================
  シミュレーション結果
==================================================
  対象レース数  : 21
  ベット数      : 0
  的中数        : 0
  的中率        : 0.0%
  総投資額      : 0 円
  総払戻額      : 0 円
  回収率        : 0.0%
  純損益        : +0 円
  平均期待値    : 0.000
==================================================


==================================================
  シミュレーション結果
==================================================
  対象レース数  : 21
  ベット数      : 0
  的中数        : 0
  的中率        : 0.0%
  総投資額      : 0 円
  総払戻額      : 0 円
  回収率        : 0.0%
  純損益        : +0 円
  平均期待値    : 0.000
==================================================


==================================================
  シミュレーション結果
==================================================
  対象レース数  : 21
  ベット数      : 0
  的中数        : 0
  的中率        : 0.0%
  総投資額      : 0 円
  総払戻額      : 0 円
  回収率        : 0.0%
  純損益        : +0 円
  平均期待値    : 0.000
==================================================


==================================================
  シミュレーション結果
==================================================
  対象レース数  : 21
  ベット数      : 0
  的中数        : 0
  的中率        : 0.0%
  総投資額      : 0 円
  総払戻額      : 0 円
  回収率        : 0.0%
  純損益        : +0 円
  平均期待値    : 0.000
==================================================

2026-05-18 17:35:24,678 [INFO] simulator: 最適(ROI): EV=1.00, ROI=0.0%, bets=0, sharp=0.000
2026-05-18 17:35:24,678 [INFO] simulator: 最適(Sharpe): EV=1.00, ROI=0.0%, bets=0, sharp=0.000, std=0.0000
2026-05-18 17:35:24,756 [INFO] simulator: ROI threshold plot saved: /Users/k.makita/競馬最強予想ファイルの改善版/python/models/roi_by_threshold.png
2026-05-18 17:35:24,761 [INFO] baseline_metrics: baseline_report written: /Users/k.makita/競馬最強予想ファイルの改善版/python/models/baseline_report.json

============================================================
Phase 0-2 Baseline Summary (target_mode=win)
============================================================
TEST_YEARS: holdout_last_21_races
AUC:      1.0
LogLoss:  0.014729762355399773  (lower is better)
pred std: 0.4667808476193863
------------------------------------------------------------
EV sweep (win) — best by ROI:
  threshold=1.000 ROI=0.0% bets=0.0 sharp=0.000
EV sweep (win) — best by Sharpe:
  threshold=1.000 ROI=0.0% bets=0.0 sharp=0.000 std_return=0.0000
============================================================


==================================================
  シミュレーション結果
==================================================
  対象レース数  : 21
  ベット数      : 0
  的中数        : 0
  的中率        : 0.0%
  総投資額      : 0 円
  総払戻額      : 0 円
  回収率        : 0.0%
  純損益        : +0 円
  平均期待値    : 0.000
==================================================

2026-05-18 17:35:24,772 [INFO] __main__: BettingEvaluator 保存完了: /Users/k.makita/競馬最強予想ファイルの改善版/python/models/betting_evaluator.pkl
2026-05-18 17:35:24,772 [INFO] __main__: グラフ出力完了: /Users/k.makita/競馬最強予想ファイルの改善版/python/models
/Users/k.makita/Library/Python/3.9/lib/python/site-packages/urllib3/__init__.py:35: NotOpenSSLWarning: urllib3 v2 only supports OpenSSL 1.1.1+, currently the 'ssl' module is compiled with 'LibreSSL 2.8.3'. See: https://github.com/urllib3/urllib3/issues/3020
  warnings.warn(
2026-05-18 17:35:25,993 [INFO] data_processor: race_results loaded: 1459 rows
/Users/k.makita/Library/Python/3.9/lib/python/site-packages/numpy/lib/_nanfunctions_impl.py:1231: RuntimeWarning: Mean of empty slice
  return np.nanmean(a, axis, out=out, keepdims=keepdims)
/Users/k.makita/Library/Python/3.9/lib/python/site-packages/numpy/lib/_nanfunctions_impl.py:1231: RuntimeWarning: Mean of empty slice
  return np.nanmean(a, axis, out=out, keepdims=keepdims)
2026-05-18 17:35:25,998 [INFO] data_processor: clean_race_results done: 1459 rows
2026-05-18 17:35:25,999 [INFO] data_processor: pedigree loaded: 0 rows
2026-05-18 17:35:26,001 [INFO] data_processor: master_df built: 1459 rows, 40 cols
2026-05-18 17:35:26,010 [INFO] data_processor: horse_results loaded: 2226 rows
2026-05-18 17:35:26,015 [INFO] feature_engineer: 特徴量生成開始: 1459 rows
/Users/k.makita/Library/Python/3.9/lib/python/site-packages/numpy/lib/_nanfunctions_impl.py:1231: RuntimeWarning: Mean of empty slice
  return np.nanmean(a, axis, out=out, keepdims=keepdims)
/Users/k.makita/Library/Python/3.9/lib/python/site-packages/numpy/lib/_nanfunctions_impl.py:1231: RuntimeWarning: Mean of empty slice
  return np.nanmean(a, axis, out=out, keepdims=keepdims)
2026-05-18 17:35:26,597 [INFO] feature_engineer: 特徴量生成完了: 76 cols
2026-05-18 17:35:26,604 [INFO] __main__: 最終データセット: 1459 rows, 78 cols
2026-05-18 17:35:26,604 [INFO] model: 学習開始: 1459 rows, 50 features
2026-05-18 17:35:26,608 [INFO] model: train: 1202 rows, test: 257 rows (test_set=holdout_last_21_races)
2026-05-18 17:35:26,707 [INFO] model: Fold 1 AUC: 0.9625
2026-05-18 17:35:26,843 [INFO] model: Fold 2 AUC: 0.9672
2026-05-18 17:35:26,997 [INFO] model: Fold 3 AUC: 0.9776
2026-05-18 17:35:27,080 [INFO] model: Fold 4 AUC: 0.9724
2026-05-18 17:35:27,149 [INFO] model: Fold 5 AUC: 0.9830
2026-05-18 17:35:27,150 [INFO] model: OOF AUC: 0.9567 (mean fold AUC: 0.9725)
2026-05-18 17:35:28,287 [INFO] model: Test AUC (test_set=holdout_last_21_races): 0.9466

=== 特徴量重要度 Top 30 ===
                     feature  importance
                 speed_index 3088.130890
       jockey_venue_win_rate  899.216087
             jockey_win_rate  267.657532
           trainer_top3_rate  254.779956
            trainer_win_rate  246.806807
weight_carried_diff_from_avg  244.608472
            jockey_top3_rate  199.653205
                horse_number  179.311633
                 horse_count  140.625446
                frame_number   71.371356
              weight_carried   49.059603
                         sex   47.537645
            horse_avg_finish   37.759471
                         age   28.943222
                       venue   18.042255
                       month   16.867176
             horse_age_group   15.201282
                 day_of_week   12.407634
                     weather    3.184535
                      season    1.594041
            avg_first_corner    0.874853
              is_outer_frame    0.837275
              is_inner_frame    0.078497
                  race_class    0.032761
                last_final3f    0.000000
                 body_weight    0.000000
            body_weight_diff    0.000000
                    distance    0.000000
                 avg_final3f    0.000000
 horse_same_surface_win_rate    0.000000
2026-05-18 17:35:28,296 [INFO] model: Model saved: /Users/k.makita/競馬最強予想ファイルの改善版/python/models/lgbm_model.pkl
/Users/k.makita/競馬最強予想ファイルの改善版/python/artifacts.py:87: FutureWarning: The default of observed=False is deprecated and will be changed to True in a future version of pandas. Pass observed=False to retain current behavior or observed=True to adopt the future default and silence this warning.
  last_rows = df.groupby(col, as_index=False).tail(1)
/Users/k.makita/競馬最強予想ファイルの改善版/python/artifacts.py:87: FutureWarning: The default of observed=False is deprecated and will be changed to True in a future version of pandas. Pass observed=False to retain current behavior or observed=True to adopt the future default and silence this warning.
  last_rows = df.groupby(col, as_index=False).tail(1)
2026-05-18 17:35:28,305 [INFO] artifacts: entity_stats_snapshot: jockeys=124 trainers=1 pedigree=1
2026-05-18 17:35:28,306 [INFO] artifacts: Training artifacts exported to /Users/k.makita/競馬最強予想ファイルの改善版/python/models
2026-05-18 17:35:28,306 [INFO] __main__: Model bundle manifest: /Users/k.makita/競馬最強予想ファイルの改善版/python/models/model_bundle.json
/Users/k.makita/Library/Python/3.9/lib/python/site-packages/urllib3/__init__.py:35: NotOpenSSLWarning: urllib3 v2 only supports OpenSSL 1.1.1+, currently the 'ssl' module is compiled with 'LibreSSL 2.8.3'. See: https://github.com/urllib3/urllib3/issues/3020
  warnings.warn(
2026-05-18 17:35:29,470 [INFO] model: Model loaded: /Users/k.makita/競馬最強予想ファイルの改善版/python/models/lgbm_model.pkl
2026-05-18 17:35:29,480 [INFO] data_processor: race_results loaded: 1459 rows
/Users/k.makita/Library/Python/3.9/lib/python/site-packages/numpy/lib/_nanfunctions_impl.py:1231: RuntimeWarning: Mean of empty slice
  return np.nanmean(a, axis, out=out, keepdims=keepdims)
/Users/k.makita/Library/Python/3.9/lib/python/site-packages/numpy/lib/_nanfunctions_impl.py:1231: RuntimeWarning: Mean of empty slice
  return np.nanmean(a, axis, out=out, keepdims=keepdims)
2026-05-18 17:35:29,485 [INFO] data_processor: clean_race_results done: 1459 rows
2026-05-18 17:35:29,486 [INFO] data_processor: pedigree loaded: 0 rows
2026-05-18 17:35:29,488 [INFO] data_processor: master_df built: 1459 rows, 40 cols
2026-05-18 17:35:29,491 [INFO] feature_engineer: 特徴量生成開始: 1459 rows
/Users/k.makita/Library/Python/3.9/lib/python/site-packages/numpy/lib/_nanfunctions_impl.py:1231: RuntimeWarning: Mean of empty slice
  return np.nanmean(a, axis, out=out, keepdims=keepdims)
/Users/k.makita/Library/Python/3.9/lib/python/site-packages/numpy/lib/_nanfunctions_impl.py:1231: RuntimeWarning: Mean of empty slice
  return np.nanmean(a, axis, out=out, keepdims=keepdims)
2026-05-18 17:35:30,075 [INFO] feature_engineer: 特徴量生成完了: 76 cols
2026-05-18 17:35:30,087 [INFO] __main__: シミュレーション対象: 265 rows (test_set=holdout_last_21_races, target_mode=win_mod)
2026-05-18 17:35:30,087 [INFO] betting_evaluator: キャリブレーション学習完了: method=isotonic, N=265, 正例率=0.079
2026-05-18 17:35:30,196 [INFO] simulator: Calibration plot saved: /Users/k.makita/競馬最強予想ファイルの改善版/python/models/calibration_plot.png

==================================================
  シミュレーション結果
==================================================
  対象レース数  : 21
  ベット数      : 0
  的中数        : 0
  的中率        : 0.0%
  総投資額      : 0 円
  総払戻額      : 0 円
  回収率        : 0.0%
  純損益        : +0 円
  平均期待値    : 0.000
==================================================


==================================================
  シミュレーション結果
==================================================
  対象レース数  : 21
  ベット数      : 0
  的中数        : 0
  的中率        : 0.0%
  総投資額      : 0 円
  総払戻額      : 0 円
  回収率        : 0.0%
  純損益        : +0 円
  平均期待値    : 0.000
==================================================


==================================================
  シミュレーション結果
==================================================
  対象レース数  : 21
  ベット数      : 0
  的中数        : 0
  的中率        : 0.0%
  総投資額      : 0 円
  総払戻額      : 0 円
  回収率        : 0.0%
  純損益        : +0 円
  平均期待値    : 0.000
==================================================


==================================================
  シミュレーション結果
==================================================
  対象レース数  : 21
  ベット数      : 0
  的中数        : 0
  的中率        : 0.0%
  総投資額      : 0 円
  総払戻額      : 0 円
  回収率        : 0.0%
  純損益        : +0 円
  平均期待値    : 0.000
==================================================


==================================================
  シミュレーション結果
==================================================
  対象レース数  : 21
  ベット数      : 0
  的中数        : 0
  的中率        : 0.0%
  総投資額      : 0 円
  総払戻額      : 0 円
  回収率        : 0.0%
  純損益        : +0 円
  平均期待値    : 0.000
==================================================


==================================================
  シミュレーション結果
==================================================
  対象レース数  : 21
  ベット数      : 0
  的中数        : 0
  的中率        : 0.0%
  総投資額      : 0 円
  総払戻額      : 0 円
  回収率        : 0.0%
  純損益        : +0 円
  平均期待値    : 0.000
==================================================


==================================================
  シミュレーション結果
==================================================
  対象レース数  : 21
  ベット数      : 0
  的中数        : 0
  的中率        : 0.0%
  総投資額      : 0 円
  総払戻額      : 0 円
  回収率        : 0.0%
  純損益        : +0 円
  平均期待値    : 0.000
==================================================


==================================================
  シミュレーション結果
==================================================
  対象レース数  : 21
  ベット数      : 0
  的中数        : 0
  的中率        : 0.0%
  総投資額      : 0 円
  総払戻額      : 0 円
  回収率        : 0.0%
  純損益        : +0 円
  平均期待値    : 0.000
==================================================


==================================================
  シミュレーション結果
==================================================
  対象レース数  : 21
  ベット数      : 0
  的中数        : 0
  的中率        : 0.0%
  総投資額      : 0 円
  総払戻額      : 0 円
  回収率        : 0.0%
  純損益        : +0 円
  平均期待値    : 0.000
==================================================


==================================================
  シミュレーション結果
==================================================
  対象レース数  : 21
  ベット数      : 0
  的中数        : 0
  的中率        : 0.0%
  総投資額      : 0 円
  総払戻額      : 0 円
  回収率        : 0.0%
  純損益        : +0 円
  平均期待値    : 0.000
==================================================


==================================================
  シミュレーション結果
==================================================
  対象レース数  : 21
  ベット数      : 0
  的中数        : 0
  的中率        : 0.0%
  総投資額      : 0 円
  総払戻額      : 0 円
  回収率        : 0.0%
  純損益        : +0 円
  平均期待値    : 0.000
==================================================


==================================================
  シミュレーション結果
==================================================
  対象レース数  : 21
  ベット数      : 0
  的中数        : 0
  的中率        : 0.0%
  総投資額      : 0 円
  総払戻額      : 0 円
  回収率        : 0.0%
  純損益        : +0 円
  平均期待値    : 0.000
==================================================


==================================================
  シミュレーション結果
==================================================
  対象レース数  : 21
  ベット数      : 0
  的中数        : 0
  的中率        : 0.0%
  総投資額      : 0 円
  総払戻額      : 0 円
  回収率        : 0.0%
  純損益        : +0 円
  平均期待値    : 0.000
==================================================


==================================================
  シミュレーション結果
==================================================
  対象レース数  : 21
  ベット数      : 0
  的中数        : 0
  的中率        : 0.0%
  総投資額      : 0 円
  総払戻額      : 0 円
  回収率        : 0.0%
  純損益        : +0 円
  平均期待値    : 0.000
==================================================


==================================================
  シミュレーション結果
==================================================
  対象レース数  : 21
  ベット数      : 0
  的中数        : 0
  的中率        : 0.0%
  総投資額      : 0 円
  総払戻額      : 0 円
  回収率        : 0.0%
  純損益        : +0 円
  平均期待値    : 0.000
==================================================


==================================================
  シミュレーション結果
==================================================
  対象レース数  : 21
  ベット数      : 0
  的中数        : 0
  的中率        : 0.0%
  総投資額      : 0 円
  総払戻額      : 0 円
  回収率        : 0.0%
  純損益        : +0 円
  平均期待値    : 0.000
==================================================


==================================================
  シミュレーション結果
==================================================
  対象レース数  : 21
  ベット数      : 0
  的中数        : 0
  的中率        : 0.0%
  総投資額      : 0 円
  総払戻額      : 0 円
  回収率        : 0.0%
  純損益        : +0 円
  平均期待値    : 0.000
==================================================


==================================================
  シミュレーション結果
==================================================
  対象レース数  : 21
  ベット数      : 0
  的中数        : 0
  的中率        : 0.0%
  総投資額      : 0 円
  総払戻額      : 0 円
  回収率        : 0.0%
  純損益        : +0 円
  平均期待値    : 0.000
==================================================


==================================================
  シミュレーション結果
==================================================
  対象レース数  : 21
  ベット数      : 0
  的中数        : 0
  的中率        : 0.0%
  総投資額      : 0 円
  総払戻額      : 0 円
  回収率        : 0.0%
  純損益        : +0 円
  平均期待値    : 0.000
==================================================


==================================================
  シミュレーション結果
==================================================
  対象レース数  : 21
  ベット数      : 0
  的中数        : 0
  的中率        : 0.0%
  総投資額      : 0 円
  総払戻額      : 0 円
  回収率        : 0.0%
  純損益        : +0 円
  平均期待値    : 0.000
==================================================


==================================================
  シミュレーション結果
==================================================
  対象レース数  : 21
  ベット数      : 0
  的中数        : 0
  的中率        : 0.0%
  総投資額      : 0 円
  総払戻額      : 0 円
  回収率        : 0.0%
  純損益        : +0 円
  平均期待値    : 0.000
==================================================


==================================================
  シミュレーション結果
==================================================
  対象レース数  : 21
  ベット数      : 0
  的中数        : 0
  的中率        : 0.0%
  総投資額      : 0 円
  総払戻額      : 0 円
  回収率        : 0.0%
  純損益        : +0 円
  平均期待値    : 0.000
==================================================


==================================================
  シミュレーション結果
==================================================
  対象レース数  : 21
  ベット数      : 0
  的中数        : 0
  的中率        : 0.0%
  総投資額      : 0 円
  総払戻額      : 0 円
  回収率        : 0.0%
  純損益        : +0 円
  平均期待値    : 0.000
==================================================


==================================================
  シミュレーション結果
==================================================
  対象レース数  : 21
  ベット数      : 0
  的中数        : 0
  的中率        : 0.0%
  総投資額      : 0 円
  総払戻額      : 0 円
  回収率        : 0.0%
  純損益        : +0 円
  平均期待値    : 0.000
==================================================


==================================================
  シミュレーション結果
==================================================
  対象レース数  : 21
  ベット数      : 0
  的中数        : 0
  的中率        : 0.0%
  総投資額      : 0 円
  総払戻額      : 0 円
  回収率        : 0.0%
  純損益        : +0 円
  平均期待値    : 0.000
==================================================


==================================================
  シミュレーション結果
==================================================
  対象レース数  : 21
  ベット数      : 0
  的中数        : 0
  的中率        : 0.0%
  総投資額      : 0 円
  総払戻額      : 0 円
  回収率        : 0.0%
  純損益        : +0 円
  平均期待値    : 0.000
==================================================


==================================================
  シミュレーション結果
==================================================
  対象レース数  : 21
  ベット数      : 0
  的中数        : 0
  的中率        : 0.0%
  総投資額      : 0 円
  総払戻額      : 0 円
  回収率        : 0.0%
  純損益        : +0 円
  平均期待値    : 0.000
==================================================


==================================================
  シミュレーション結果
==================================================
  対象レース数  : 21
  ベット数      : 0
  的中数        : 0
  的中率        : 0.0%
  総投資額      : 0 円
  総払戻額      : 0 円
  回収率        : 0.0%
  純損益        : +0 円
  平均期待値    : 0.000
==================================================


==================================================
  シミュレーション結果
==================================================
  対象レース数  : 21
  ベット数      : 0
  的中数        : 0
  的中率        : 0.0%
  総投資額      : 0 円
  総払戻額      : 0 円
  回収率        : 0.0%
  純損益        : +0 円
  平均期待値    : 0.000
==================================================


==================================================
  シミュレーション結果
==================================================
  対象レース数  : 21
  ベット数      : 0
  的中数        : 0
  的中率        : 0.0%
  総投資額      : 0 円
  総払戻額      : 0 円
  回収率        : 0.0%
  純損益        : +0 円
  平均期待値    : 0.000
==================================================


==================================================
  シミュレーション結果
==================================================
  対象レース数  : 21
  ベット数      : 0
  的中数        : 0
  的中率        : 0.0%
  総投資額      : 0 円
  総払戻額      : 0 円
  回収率        : 0.0%
  純損益        : +0 円
  平均期待値    : 0.000
==================================================


==================================================
  シミュレーション結果
==================================================
  対象レース数  : 21
  ベット数      : 0
  的中数        : 0
  的中率        : 0.0%
  総投資額      : 0 円
  総払戻額      : 0 円
  回収率        : 0.0%
  純損益        : +0 円
  平均期待値    : 0.000
==================================================


==================================================
  シミュレーション結果
==================================================
  対象レース数  : 21
  ベット数      : 0
  的中数        : 0
  的中率        : 0.0%
  総投資額      : 0 円
  総払戻額      : 0 円
  回収率        : 0.0%
  純損益        : +0 円
  平均期待値    : 0.000
==================================================


==================================================
  シミュレーション結果
==================================================
  対象レース数  : 21
  ベット数      : 0
  的中数        : 0
  的中率        : 0.0%
  総投資額      : 0 円
  総払戻額      : 0 円
  回収率        : 0.0%
  純損益        : +0 円
  平均期待値    : 0.000
==================================================


==================================================
  シミュレーション結果
==================================================
  対象レース数  : 21
  ベット数      : 0
  的中数        : 0
  的中率        : 0.0%
  総投資額      : 0 円
  総払戻額      : 0 円
  回収率        : 0.0%
  純損益        : +0 円
  平均期待値    : 0.000
==================================================


==================================================
  シミュレーション結果
==================================================
  対象レース数  : 21
  ベット数      : 0
  的中数        : 0
  的中率        : 0.0%
  総投資額      : 0 円
  総払戻額      : 0 円
  回収率        : 0.0%
  純損益        : +0 円
  平均期待値    : 0.000
==================================================


==================================================
  シミュレーション結果
==================================================
  対象レース数  : 21
  ベット数      : 0
  的中数        : 0
  的中率        : 0.0%
  総投資額      : 0 円
  総払戻額      : 0 円
  回収率        : 0.0%
  純損益        : +0 円
  平均期待値    : 0.000
==================================================


==================================================
  シミュレーション結果
==================================================
  対象レース数  : 21
  ベット数      : 0
  的中数        : 0
  的中率        : 0.0%
  総投資額      : 0 円
  総払戻額      : 0 円
  回収率        : 0.0%
  純損益        : +0 円
  平均期待値    : 0.000
==================================================


==================================================
  シミュレーション結果
==================================================
  対象レース数  : 21
  ベット数      : 0
  的中数        : 0
  的中率        : 0.0%
  総投資額      : 0 円
  総払戻額      : 0 円
  回収率        : 0.0%
  純損益        : +0 円
  平均期待値    : 0.000
==================================================


==================================================
  シミュレーション結果
==================================================
  対象レース数  : 21
  ベット数      : 0
  的中数        : 0
  的中率        : 0.0%
  総投資額      : 0 円
  総払戻額      : 0 円
  回収率        : 0.0%
  純損益        : +0 円
  平均期待値    : 0.000
==================================================

2026-05-18 17:35:30,626 [INFO] simulator: 最適(ROI): EV=1.00, ROI=0.0%, bets=0, sharp=0.000
2026-05-18 17:35:30,626 [INFO] simulator: 最適(Sharpe): EV=1.00, ROI=0.0%, bets=0, sharp=0.000, std=0.0000
2026-05-18 17:35:30,701 [INFO] simulator: ROI threshold plot saved: /Users/k.makita/競馬最強予想ファイルの改善版/python/models/roi_by_threshold.png
2026-05-18 17:35:30,705 [INFO] baseline_metrics: baseline_report written: /Users/k.makita/競馬最強予想ファイルの改善版/python/models/baseline_report.json

============================================================
Phase 0-2 Baseline Summary (target_mode=win_mod)
============================================================
TEST_YEARS: holdout_last_21_races
AUC:      0.8627450980392156
LogLoss:  0.5568561598744577  (lower is better)
pred std: 0.38729016992438153
------------------------------------------------------------
EV sweep (win) — best by ROI:
  threshold=1.000 ROI=0.0% bets=0.0 sharp=0.000
EV sweep (win) — best by Sharpe:
  threshold=1.000 ROI=0.0% bets=0.0 sharp=0.000 std_return=0.0000
============================================================


==================================================
  シミュレーション結果
==================================================
  対象レース数  : 21
  ベット数      : 0
  的中数        : 0
  的中率        : 0.0%
  総投資額      : 0 円
  総払戻額      : 0 円
  回収率        : 0.0%
  純損益        : +0 円
  平均期待値    : 0.000
==================================================

2026-05-18 17:35:30,716 [INFO] __main__: BettingEvaluator 保存完了: /Users/k.makita/競馬最強予想ファイルの改善版/python/models/betting_evaluator.pkl
2026-05-18 17:35:30,716 [INFO] __main__: グラフ出力完了: /Users/k.makita/競馬最強予想ファイルの改善版/python/models
/Users/k.makita/Library/Python/3.9/lib/python/site-packages/urllib3/__init__.py:35: NotOpenSSLWarning: urllib3 v2 only supports OpenSSL 1.1.1+, currently the 'ssl' module is compiled with 'LibreSSL 2.8.3'. See: https://github.com/urllib3/urllib3/issues/3020
  warnings.warn(
2026-05-18 17:35:31,918 [INFO] data_processor: race_results loaded: 1459 rows
/Users/k.makita/Library/Python/3.9/lib/python/site-packages/numpy/lib/_nanfunctions_impl.py:1231: RuntimeWarning: Mean of empty slice
  return np.nanmean(a, axis, out=out, keepdims=keepdims)
/Users/k.makita/Library/Python/3.9/lib/python/site-packages/numpy/lib/_nanfunctions_impl.py:1231: RuntimeWarning: Mean of empty slice
  return np.nanmean(a, axis, out=out, keepdims=keepdims)
2026-05-18 17:35:31,924 [INFO] data_processor: clean_race_results done: 1459 rows
2026-05-18 17:35:31,925 [INFO] data_processor: pedigree loaded: 0 rows
2026-05-18 17:35:31,926 [INFO] data_processor: master_df built: 1459 rows, 40 cols
2026-05-18 17:35:31,928 [INFO] feature_engineer: 特徴量生成開始: 1459 rows
/Users/k.makita/Library/Python/3.9/lib/python/site-packages/numpy/lib/_nanfunctions_impl.py:1231: RuntimeWarning: Mean of empty slice
  return np.nanmean(a, axis, out=out, keepdims=keepdims)
/Users/k.makita/Library/Python/3.9/lib/python/site-packages/numpy/lib/_nanfunctions_impl.py:1231: RuntimeWarning: Mean of empty slice
  return np.nanmean(a, axis, out=out, keepdims=keepdims)
2026-05-18 17:35:32,508 [INFO] feature_engineer: 特徴量生成完了: 76 cols
2026-05-18 17:35:32,515 [INFO] golden_invariance: [202605020803] DB OK (12 rows), Bridge 未実装
2026-05-18 17:35:32,522 [INFO] data_processor: race_results loaded: 1459 rows
/Users/k.makita/Library/Python/3.9/lib/python/site-packages/numpy/lib/_nanfunctions_impl.py:1231: RuntimeWarning: Mean of empty slice
  return np.nanmean(a, axis, out=out, keepdims=keepdims)
/Users/k.makita/Library/Python/3.9/lib/python/site-packages/numpy/lib/_nanfunctions_impl.py:1231: RuntimeWarning: Mean of empty slice
  return np.nanmean(a, axis, out=out, keepdims=keepdims)
2026-05-18 17:35:32,526 [INFO] data_processor: clean_race_results done: 1459 rows
2026-05-18 17:35:32,528 [INFO] data_processor: pedigree loaded: 0 rows
2026-05-18 17:35:32,529 [INFO] data_processor: master_df built: 1459 rows, 40 cols
2026-05-18 17:35:32,530 [INFO] feature_engineer: 特徴量生成開始: 1459 rows
/Users/k.makita/Library/Python/3.9/lib/python/site-packages/numpy/lib/_nanfunctions_impl.py:1231: RuntimeWarning: Mean of empty slice
  return np.nanmean(a, axis, out=out, keepdims=keepdims)
/Users/k.makita/Library/Python/3.9/lib/python/site-packages/numpy/lib/_nanfunctions_impl.py:1231: RuntimeWarning: Mean of empty slice
  return np.nanmean(a, axis, out=out, keepdims=keepdims)
2026-05-18 17:35:33,107 [INFO] feature_engineer: 特徴量生成完了: 76 cols
2026-05-18 17:35:33,113 [INFO] golden_invariance: [202604010612] DB OK (11 rows), Bridge 未実装
2026-05-18 17:35:33,120 [INFO] data_processor: race_results loaded: 1459 rows
/Users/k.makita/Library/Python/3.9/lib/python/site-packages/numpy/lib/_nanfunctions_impl.py:1231: RuntimeWarning: Mean of empty slice
  return np.nanmean(a, axis, out=out, keepdims=keepdims)
/Users/k.makita/Library/Python/3.9/lib/python/site-packages/numpy/lib/_nanfunctions_impl.py:1231: RuntimeWarning: Mean of empty slice
  return np.nanmean(a, axis, out=out, keepdims=keepdims)
2026-05-18 17:35:33,124 [INFO] data_processor: clean_race_results done: 1459 rows
2026-05-18 17:35:33,126 [INFO] data_processor: pedigree loaded: 0 rows
2026-05-18 17:35:33,127 [INFO] data_processor: master_df built: 1459 rows, 40 cols
2026-05-18 17:35:33,128 [INFO] feature_engineer: 特徴量生成開始: 1459 rows
/Users/k.makita/Library/Python/3.9/lib/python/site-packages/numpy/lib/_nanfunctions_impl.py:1231: RuntimeWarning: Mean of empty slice
  return np.nanmean(a, axis, out=out, keepdims=keepdims)
/Users/k.makita/Library/Python/3.9/lib/python/site-packages/numpy/lib/_nanfunctions_impl.py:1231: RuntimeWarning: Mean of empty slice
  return np.nanmean(a, axis, out=out, keepdims=keepdims)
2026-05-18 17:35:33,704 [INFO] feature_engineer: 特徴量生成完了: 76 cols
2026-05-18 17:35:33,711 [INFO] golden_invariance: [202605020802] DB OK (16 rows), Bridge 未実装
2026-05-18 17:35:33,718 [INFO] data_processor: race_results loaded: 1459 rows
/Users/k.makita/Library/Python/3.9/lib/python/site-packages/numpy/lib/_nanfunctions_impl.py:1231: RuntimeWarning: Mean of empty slice
  return np.nanmean(a, axis, out=out, keepdims=keepdims)
/Users/k.makita/Library/Python/3.9/lib/python/site-packages/numpy/lib/_nanfunctions_impl.py:1231: RuntimeWarning: Mean of empty slice
  return np.nanmean(a, axis, out=out, keepdims=keepdims)
2026-05-18 17:35:33,722 [INFO] data_processor: clean_race_results done: 1459 rows
2026-05-18 17:35:33,723 [INFO] data_processor: pedigree loaded: 0 rows
2026-05-18 17:35:33,725 [INFO] data_processor: master_df built: 1459 rows, 40 cols
2026-05-18 17:35:33,726 [INFO] feature_engineer: 特徴量生成開始: 1459 rows
/Users/k.makita/Library/Python/3.9/lib/python/site-packages/numpy/lib/_nanfunctions_impl.py:1231: RuntimeWarning: Mean of empty slice
  return np.nanmean(a, axis, out=out, keepdims=keepdims)
/Users/k.makita/Library/Python/3.9/lib/python/site-packages/numpy/lib/_nanfunctions_impl.py:1231: RuntimeWarning: Mean of empty slice
  return np.nanmean(a, axis, out=out, keepdims=keepdims)
2026-05-18 17:35:34,302 [INFO] feature_engineer: 特徴量生成完了: 76 cols
2026-05-18 17:35:34,313 [INFO] golden_invariance: [202604010601] DB OK (14 rows), Bridge 未実装
2026-05-18 17:35:34,320 [INFO] data_processor: race_results loaded: 1459 rows
/Users/k.makita/Library/Python/3.9/lib/python/site-packages/numpy/lib/_nanfunctions_impl.py:1231: RuntimeWarning: Mean of empty slice
  return np.nanmean(a, axis, out=out, keepdims=keepdims)
/Users/k.makita/Library/Python/3.9/lib/python/site-packages/numpy/lib/_nanfunctions_impl.py:1231: RuntimeWarning: Mean of empty slice
  return np.nanmean(a, axis, out=out, keepdims=keepdims)
2026-05-18 17:35:34,324 [INFO] data_processor: clean_race_results done: 1459 rows
2026-05-18 17:35:34,326 [INFO] data_processor: pedigree loaded: 0 rows
2026-05-18 17:35:34,327 [INFO] data_processor: master_df built: 1459 rows, 40 cols
2026-05-18 17:35:34,328 [INFO] feature_engineer: 特徴量生成開始: 1459 rows
/Users/k.makita/Library/Python/3.9/lib/python/site-packages/numpy/lib/_nanfunctions_impl.py:1231: RuntimeWarning: Mean of empty slice
  return np.nanmean(a, axis, out=out, keepdims=keepdims)
/Users/k.makita/Library/Python/3.9/lib/python/site-packages/numpy/lib/_nanfunctions_impl.py:1231: RuntimeWarning: Mean of empty slice
  return np.nanmean(a, axis, out=out, keepdims=keepdims)
2026-05-18 17:35:34,890 [INFO] feature_engineer: 特徴量生成完了: 76 cols
2026-05-18 17:35:34,897 [INFO] golden_invariance: [202604010608] DB OK (10 rows), Bridge 未実装
2026-05-18 17:35:34,904 [INFO] data_processor: race_results loaded: 1459 rows
/Users/k.makita/Library/Python/3.9/lib/python/site-packages/numpy/lib/_nanfunctions_impl.py:1231: RuntimeWarning: Mean of empty slice
  return np.nanmean(a, axis, out=out, keepdims=keepdims)
/Users/k.makita/Library/Python/3.9/lib/python/site-packages/numpy/lib/_nanfunctions_impl.py:1231: RuntimeWarning: Mean of empty slice
  return np.nanmean(a, axis, out=out, keepdims=keepdims)
2026-05-18 17:35:34,908 [INFO] data_processor: clean_race_results done: 1459 rows
2026-05-18 17:35:34,910 [INFO] data_processor: pedigree loaded: 0 rows
2026-05-18 17:35:34,912 [INFO] data_processor: master_df built: 1459 rows, 40 cols
2026-05-18 17:35:34,913 [INFO] feature_engineer: 特徴量生成開始: 1459 rows
/Users/k.makita/Library/Python/3.9/lib/python/site-packages/numpy/lib/_nanfunctions_impl.py:1231: RuntimeWarning: Mean of empty slice
  return np.nanmean(a, axis, out=out, keepdims=keepdims)
/Users/k.makita/Library/Python/3.9/lib/python/site-packages/numpy/lib/_nanfunctions_impl.py:1231: RuntimeWarning: Mean of empty slice
  return np.nanmean(a, axis, out=out, keepdims=keepdims)
2026-05-18 17:35:35,487 [INFO] feature_engineer: 特徴量生成完了: 76 cols
2026-05-18 17:35:35,494 [INFO] golden_invariance: [202604010611] DB OK (15 rows), Bridge 未実装
2026-05-18 17:35:35,502 [INFO] data_processor: race_results loaded: 1459 rows
/Users/k.makita/Library/Python/3.9/lib/python/site-packages/numpy/lib/_nanfunctions_impl.py:1231: RuntimeWarning: Mean of empty slice
  return np.nanmean(a, axis, out=out, keepdims=keepdims)
/Users/k.makita/Library/Python/3.9/lib/python/site-packages/numpy/lib/_nanfunctions_impl.py:1231: RuntimeWarning: Mean of empty slice
  return np.nanmean(a, axis, out=out, keepdims=keepdims)
2026-05-18 17:35:35,506 [INFO] data_processor: clean_race_results done: 1459 rows
2026-05-18 17:35:35,508 [INFO] data_processor: pedigree loaded: 0 rows
2026-05-18 17:35:35,509 [INFO] data_processor: master_df built: 1459 rows, 40 cols
2026-05-18 17:35:35,510 [INFO] feature_engineer: 特徴量生成開始: 1459 rows
/Users/k.makita/Library/Python/3.9/lib/python/site-packages/numpy/lib/_nanfunctions_impl.py:1231: RuntimeWarning: Mean of empty slice
  return np.nanmean(a, axis, out=out, keepdims=keepdims)
/Users/k.makita/Library/Python/3.9/lib/python/site-packages/numpy/lib/_nanfunctions_impl.py:1231: RuntimeWarning: Mean of empty slice
  return np.nanmean(a, axis, out=out, keepdims=keepdims)
2026-05-18 17:35:36,086 [INFO] feature_engineer: 特徴量生成完了: 76 cols
2026-05-18 17:35:36,092 [INFO] golden_invariance: [202604010603] DB OK (15 rows), Bridge 未実装
2026-05-18 17:35:36,099 [INFO] data_processor: race_results loaded: 1459 rows
/Users/k.makita/Library/Python/3.9/lib/python/site-packages/numpy/lib/_nanfunctions_impl.py:1231: RuntimeWarning: Mean of empty slice
  return np.nanmean(a, axis, out=out, keepdims=keepdims)
/Users/k.makita/Library/Python/3.9/lib/python/site-packages/numpy/lib/_nanfunctions_impl.py:1231: RuntimeWarning: Mean of empty slice
  return np.nanmean(a, axis, out=out, keepdims=keepdims)
2026-05-18 17:35:36,103 [INFO] data_processor: clean_race_results done: 1459 rows
2026-05-18 17:35:36,105 [INFO] data_processor: pedigree loaded: 0 rows
2026-05-18 17:35:36,107 [INFO] data_processor: master_df built: 1459 rows, 40 cols
2026-05-18 17:35:36,108 [INFO] feature_engineer: 特徴量生成開始: 1459 rows
/Users/k.makita/Library/Python/3.9/lib/python/site-packages/numpy/lib/_nanfunctions_impl.py:1231: RuntimeWarning: Mean of empty slice
  return np.nanmean(a, axis, out=out, keepdims=keepdims)
/Users/k.makita/Library/Python/3.9/lib/python/site-packages/numpy/lib/_nanfunctions_impl.py:1231: RuntimeWarning: Mean of empty slice
  return np.nanmean(a, axis, out=out, keepdims=keepdims)
2026-05-18 17:35:36,692 [INFO] feature_engineer: 特徴量生成完了: 76 cols
2026-05-18 17:35:36,702 [INFO] golden_invariance: [202605020508] DB OK (8 rows), Bridge 未実装
2026-05-18 17:35:36,709 [INFO] data_processor: race_results loaded: 1459 rows
/Users/k.makita/Library/Python/3.9/lib/python/site-packages/numpy/lib/_nanfunctions_impl.py:1231: RuntimeWarning: Mean of empty slice
  return np.nanmean(a, axis, out=out, keepdims=keepdims)
/Users/k.makita/Library/Python/3.9/lib/python/site-packages/numpy/lib/_nanfunctions_impl.py:1231: RuntimeWarning: Mean of empty slice
  return np.nanmean(a, axis, out=out, keepdims=keepdims)
2026-05-18 17:35:36,713 [INFO] data_processor: clean_race_results done: 1459 rows
2026-05-18 17:35:36,715 [INFO] data_processor: pedigree loaded: 0 rows
2026-05-18 17:35:36,717 [INFO] data_processor: master_df built: 1459 rows, 40 cols
2026-05-18 17:35:36,718 [INFO] feature_engineer: 特徴量生成開始: 1459 rows
/Users/k.makita/Library/Python/3.9/lib/python/site-packages/numpy/lib/_nanfunctions_impl.py:1231: RuntimeWarning: Mean of empty slice
  return np.nanmean(a, axis, out=out, keepdims=keepdims)
/Users/k.makita/Library/Python/3.9/lib/python/site-packages/numpy/lib/_nanfunctions_impl.py:1231: RuntimeWarning: Mean of empty slice
  return np.nanmean(a, axis, out=out, keepdims=keepdims)
2026-05-18 17:35:37,276 [INFO] feature_engineer: 特徴量生成完了: 76 cols
2026-05-18 17:35:37,286 [INFO] golden_invariance: [202605020511] DB OK (17 rows), Bridge 未実装
2026-05-18 17:35:37,294 [INFO] data_processor: race_results loaded: 1459 rows
/Users/k.makita/Library/Python/3.9/lib/python/site-packages/numpy/lib/_nanfunctions_impl.py:1231: RuntimeWarning: Mean of empty slice
  return np.nanmean(a, axis, out=out, keepdims=keepdims)
/Users/k.makita/Library/Python/3.9/lib/python/site-packages/numpy/lib/_nanfunctions_impl.py:1231: RuntimeWarning: Mean of empty slice
  return np.nanmean(a, axis, out=out, keepdims=keepdims)
2026-05-18 17:35:37,298 [INFO] data_processor: clean_race_results done: 1459 rows
2026-05-18 17:35:37,301 [INFO] data_processor: pedigree loaded: 0 rows
2026-05-18 17:35:37,302 [INFO] data_processor: master_df built: 1459 rows, 40 cols
2026-05-18 17:35:37,303 [INFO] feature_engineer: 特徴量生成開始: 1459 rows
/Users/k.makita/Library/Python/3.9/lib/python/site-packages/numpy/lib/_nanfunctions_impl.py:1231: RuntimeWarning: Mean of empty slice
  return np.nanmean(a, axis, out=out, keepdims=keepdims)
/Users/k.makita/Library/Python/3.9/lib/python/site-packages/numpy/lib/_nanfunctions_impl.py:1231: RuntimeWarning: Mean of empty slice
  return np.nanmean(a, axis, out=out, keepdims=keepdims)
2026-05-18 17:35:37,875 [INFO] feature_engineer: 特徴量生成完了: 76 cols
2026-05-18 17:35:37,886 [INFO] golden_invariance: [202605020512] DB OK (16 rows), Bridge 未実装

============================================================
Golden Race Invariance Report
  pass=0  pending(bridge未実装)=10  fail=0
  written: /Users/k.makita/競馬最強予想ファイルの改善版/python/models/golden_invariance_report.json
============================================================
PIPELINE_DONE
